#
# There is insufficient memory for the Java Runtime Environment to continue.
# Native memory allocation (malloc) failed to allocate 85983232 bytes for committing reserved memory.
# Possible reasons:
#   The system is out of physical RAM or swap space
#   In 32 bit mode, the process size limit was hit
# Possible solutions:
#   Reduce memory load on the system
#   Increase physical memory or swap space
#   Check if swap backing store is full
#   Use 64 bit Java on a 64 bit OS
#   Decrease Java heap size (-Xmx/-Xms)
#   Decrease number of Java threads
#   Decrease Java thread stack sizes (-Xss)
#   Set larger code cache with -XX:ReservedCodeCacheSize=
# This output file may be truncated or incomplete.
#
#  Out of Memory Error (os_linux.cpp:2756), pid=18316, tid=139892386961152
#
# JRE version:  (7.0_76-b13) (build )
# Java VM: Java HotSpot(TM) 64-Bit Server VM (24.76-b04 mixed mode linux-amd64 compressed oops)
# Failed to write core dump. Core dumps have been disabled. To enable core dumping, try "ulimit -c unlimited" before starting Java again
#

---------------  T H R E A D  ---------------

Current thread (0x00007f3b3400a000):  JavaThread "Unknown thread" [_thread_in_vm, id=18324, stack(0x00007f3b3bf81000,0x00007f3b3c082000)]

Stack: [0x00007f3b3bf81000,0x00007f3b3c082000],  sp=0x00007f3b3c080230,  free space=1020k
Native frames: (J=compiled Java code, j=interpreted, Vv=VM code, C=native code)
V  [libjvm.so+0x9a32ba]  VMError::report_and_die()+0x2ea
V  [libjvm.so+0x497f7b]  report_vm_out_of_memory(char const*, int, unsigned long, char const*)+0x9b
V  [libjvm.so+0x81fcce]  os::Linux::commit_memory_impl(char*, unsigned long, bool)+0xfe
V  [libjvm.so+0x820219]  os::pd_commit_memory(char*, unsigned long, unsigned long, bool)+0x29
V  [libjvm.so+0x819faa]  os::commit_memory(char*, unsigned long, unsigned long, bool)+0x2a
V  [libjvm.so+0x88d843]  PSVirtualSpace::expand_by(unsigned long)+0x53
V  [libjvm.so+0x87c4b3]  PSOldGen::initialize(ReservedSpace, unsigned long, char const*, int)+0x103
V  [libjvm.so+0x29a9b3]  AdjoiningGenerations::AdjoiningGenerations(ReservedSpace, unsigned long, unsigned long, unsigned long, unsigned long, unsigned long, unsigned long, unsigned long)+0x3e3
V  [libjvm.so+0x8415d5]  ParallelScavengeHeap::initialize()+0x4d5
V  [libjvm.so+0x97518a]  Universe::initialize_heap()+0xca
V  [libjvm.so+0x976359]  universe_init()+0x79
V  [libjvm.so+0x5b1d25]  init_globals()+0x65
V  [libjvm.so+0x95dc4d]  Threads::create_vm(JavaVMInitArgs*, bool*)+0x1ed
V  [libjvm.so+0x639fe4]  JNI_CreateJavaVM+0x74
C  [libjli.so+0x2f8e]  JavaMain+0x9e


---------------  P R O C E S S  ---------------

Java Threads: ( => current thread )

Other Threads:

=>0x00007f3b3400a000 (exited) JavaThread "Unknown thread" [_thread_in_vm, id=18324, stack(0x00007f3b3bf81000,0x00007f3b3c082000)]

VM state:not at safepoint (not fully initialized)

VM Mutex/Monitor currently owned by a thread: None

GC Heap History (0 events):
No events

Deoptimization events (0 events):
No events

Internal exceptions (0 events):
No events

Events (0 events):
No events


Dynamic libraries:
00400000-00401000 r-xp 00000000 08:05 1065192                            /usr/lib/jvm/java-7-oracle/jre/bin/java
00600000-00601000 rw-p 00000000 08:05 1065192                            /usr/lib/jvm/java-7-oracle/jre/bin/java
011d8000-011f9000 rw-p 00000000 00:00 0                                  [heap]
bae00000-c0000000 rw-p 00000000 00:00 0 
c5200000-eaa80000 rw-p 00000000 00:00 0 
eaa80000-ed400000 rw-p 00000000 00:00 0 
ed400000-100000000 rw-p 00000000 00:00 0 
7f3b31000000-7f3b31270000 rwxp 00000000 00:00 0 
7f3b31270000-7f3b34025000 rw-p 00000000 00:00 0 
7f3b34025000-7f3b38000000 ---p 00000000 00:00 0 
7f3b38dfc000-7f3b39044000 rw-p 00000000 00:00 0 
7f3b39044000-7f3b391c2000 rw-p 00000000 00:00 0 
7f3b391c2000-7f3b391d7000 rw-p 00000000 00:00 0 
7f3b391d7000-7f3b3926d000 rw-p 00000000 00:00 0 
7f3b3926d000-7f3b3926e000 rw-p 00000000 00:00 0 
7f3b3926e000-7f3b39288000 r-xp 00000000 08:05 1065045                    /usr/lib/jvm/java-7-oracle/jre/lib/amd64/libzip.so
7f3b39288000-7f3b39488000 ---p 0001a000 08:05 1065045                    /usr/lib/jvm/java-7-oracle/jre/lib/amd64/libzip.so
7f3b39488000-7f3b39489000 rw-p 0001a000 08:05 1065045                    /usr/lib/jvm/java-7-oracle/jre/lib/amd64/libzip.so
7f3b39489000-7f3b39494000 r-xp 00000000 08:05 525670                     /lib/x86_64-linux-gnu/libnss_files-2.19.so
7f3b39494000-7f3b39693000 ---p 0000b000 08:05 525670                     /lib/x86_64-linux-gnu/libnss_files-2.19.so
7f3b39693000-7f3b39694000 r--p 0000a000 08:05 525670                     /lib/x86_64-linux-gnu/libnss_files-2.19.so
7f3b39694000-7f3b39695000 rw-p 0000b000 08:05 525670                     /lib/x86_64-linux-gnu/libnss_files-2.19.so
7f3b39695000-7f3b396a0000 r-xp 00000000 08:05 525729                     /lib/x86_64-linux-gnu/libnss_nis-2.19.so
7f3b396a0000-7f3b3989f000 ---p 0000b000 08:05 525729                     /lib/x86_64-linux-gnu/libnss_nis-2.19.so
7f3b3989f000-7f3b398a0000 r--p 0000a000 08:05 525729                     /lib/x86_64-linux-gnu/libnss_nis-2.19.so
7f3b398a0000-7f3b398a1000 rw-p 0000b000 08:05 525729                     /lib/x86_64-linux-gnu/libnss_nis-2.19.so
7f3b398a1000-7f3b398b8000 r-xp 00000000 08:05 525701                     /lib/x86_64-linux-gnu/libnsl-2.19.so
7f3b398b8000-7f3b39ab7000 ---p 00017000 08:05 525701                     /lib/x86_64-linux-gnu/libnsl-2.19.so
7f3b39ab7000-7f3b39ab8000 r--p 00016000 08:05 525701                     /lib/x86_64-linux-gnu/libnsl-2.19.so
7f3b39ab8000-7f3b39ab9000 rw-p 00017000 08:05 525701                     /lib/x86_64-linux-gnu/libnsl-2.19.so
7f3b39ab9000-7f3b39abb000 rw-p 00000000 00:00 0 
7f3b39abb000-7f3b39ac4000 r-xp 00000000 08:05 525699                     /lib/x86_64-linux-gnu/libnss_compat-2.19.so
7f3b39ac4000-7f3b39cc3000 ---p 00009000 08:05 525699                     /lib/x86_64-linux-gnu/libnss_compat-2.19.so
7f3b39cc3000-7f3b39cc4000 r--p 00008000 08:05 525699                     /lib/x86_64-linux-gnu/libnss_compat-2.19.so
7f3b39cc4000-7f3b39cc5000 rw-p 00009000 08:05 525699                     /lib/x86_64-linux-gnu/libnss_compat-2.19.so
7f3b39cc5000-7f3b39cee000 r-xp 00000000 08:05 1065154                    /usr/lib/jvm/java-7-oracle/jre/lib/amd64/libjava.so
7f3b39cee000-7f3b39eee000 ---p 00029000 08:05 1065154                    /usr/lib/jvm/java-7-oracle/jre/lib/amd64/libjava.so
7f3b39eee000-7f3b39ef0000 rw-p 00029000 08:05 1065154                    /usr/lib/jvm/java-7-oracle/jre/lib/amd64/libjava.so
7f3b39ef0000-7f3b39efd000 r-xp 00000000 08:05 1065129                    /usr/lib/jvm/java-7-oracle/jre/lib/amd64/libverify.so
7f3b39efd000-7f3b3a0fc000 ---p 0000d000 08:05 1065129                    /usr/lib/jvm/java-7-oracle/jre/lib/amd64/libverify.so
7f3b3a0fc000-7f3b3a0fe000 rw-p 0000c000 08:05 1065129                    /usr/lib/jvm/java-7-oracle/jre/lib/amd64/libverify.so
7f3b3a0fe000-7f3b3a105000 r-xp 00000000 08:05 525723                     /lib/x86_64-linux-gnu/librt-2.19.so
7f3b3a105000-7f3b3a304000 ---p 00007000 08:05 525723                     /lib/x86_64-linux-gnu/librt-2.19.so
7f3b3a304000-7f3b3a305000 r--p 00006000 08:05 525723                     /lib/x86_64-linux-gnu/librt-2.19.so
7f3b3a305000-7f3b3a306000 rw-p 00007000 08:05 525723                     /lib/x86_64-linux-gnu/librt-2.19.so
7f3b3a306000-7f3b3a40b000 r-xp 00000000 08:05 525666                     /lib/x86_64-linux-gnu/libm-2.19.so
7f3b3a40b000-7f3b3a60a000 ---p 00105000 08:05 525666                     /lib/x86_64-linux-gnu/libm-2.19.so
7f3b3a60a000-7f3b3a60b000 r--p 00104000 08:05 525666                     /lib/x86_64-linux-gnu/libm-2.19.so
7f3b3a60b000-7f3b3a60c000 rw-p 00105000 08:05 525666                     /lib/x86_64-linux-gnu/libm-2.19.so
7f3b3a60c000-7f3b3b181000 r-xp 00000000 08:05 1065126                    /usr/lib/jvm/java-7-oracle/jre/lib/amd64/server/libjvm.so
7f3b3b181000-7f3b3b381000 ---p 00b75000 08:05 1065126                    /usr/lib/jvm/java-7-oracle/jre/lib/amd64/server/libjvm.so
7f3b3b381000-7f3b3b445000 rw-p 00b75000 08:05 1065126                    /usr/lib/jvm/java-7-oracle/jre/lib/amd64/server/libjvm.so
7f3b3b445000-7f3b3b486000 rw-p 00000000 00:00 0 
7f3b3b486000-7f3b3b641000 r-xp 00000000 08:05 525717                     /lib/x86_64-linux-gnu/libc-2.19.so
7f3b3b641000-7f3b3b840000 ---p 001bb000 08:05 525717                     /lib/x86_64-linux-gnu/libc-2.19.so
7f3b3b840000-7f3b3b844000 r--p 001ba000 08:05 525717                     /lib/x86_64-linux-gnu/libc-2.19.so
7f3b3b844000-7f3b3b846000 rw-p 001be000 08:05 525717                     /lib/x86_64-linux-gnu/libc-2.19.so
7f3b3b846000-7f3b3b84b000 rw-p 00000000 00:00 0 
7f3b3b84b000-7f3b3b84e000 r-xp 00000000 08:05 525686                     /lib/x86_64-linux-gnu/libdl-2.19.so
7f3b3b84e000-7f3b3ba4d000 ---p 00003000 08:05 525686                     /lib/x86_64-linux-gnu/libdl-2.19.so
7f3b3ba4d000-7f3b3ba4e000 r--p 00002000 08:05 525686                     /lib/x86_64-linux-gnu/libdl-2.19.so
7f3b3ba4e000-7f3b3ba4f000 rw-p 00003000 08:05 525686                     /lib/x86_64-linux-gnu/libdl-2.19.so
7f3b3ba4f000-7f3b3ba65000 r-xp 00000000 08:05 1065121                    /usr/lib/jvm/java-7-oracle/jre/lib/amd64/jli/libjli.so
7f3b3ba65000-7f3b3bc65000 ---p 00016000 08:05 1065121                    /usr/lib/jvm/java-7-oracle/jre/lib/amd64/jli/libjli.so
7f3b3bc65000-7f3b3bc66000 rw-p 00016000 08:05 1065121                    /usr/lib/jvm/java-7-oracle/jre/lib/amd64/jli/libjli.so
7f3b3bc66000-7f3b3bc7f000 r-xp 00000000 08:05 525719                     /lib/x86_64-linux-gnu/libpthread-2.19.so
7f3b3bc7f000-7f3b3be7e000 ---p 00019000 08:05 525719                     /lib/x86_64-linux-gnu/libpthread-2.19.so
7f3b3be7e000-7f3b3be7f000 r--p 00018000 08:05 525719                     /lib/x86_64-linux-gnu/libpthread-2.19.so
7f3b3be7f000-7f3b3be80000 rw-p 00019000 08:05 525719                     /lib/x86_64-linux-gnu/libpthread-2.19.so
7f3b3be80000-7f3b3be84000 rw-p 00000000 00:00 0 
7f3b3be84000-7f3b3bea7000 r-xp 00000000 08:05 525711                     /lib/x86_64-linux-gnu/ld-2.19.so
7f3b3bec1000-7f3b3becb000 rw-p 00000000 00:00 0 
7f3b3becb000-7f3b3bf81000 rw-p 00000000 00:00 0 
7f3b3bf81000-7f3b3bf84000 ---p 00000000 00:00 0 
7f3b3bf84000-7f3b3c086000 rw-p 00000000 00:00 0                          [stack:18324]
7f3b3c098000-7f3b3c09a000 rw-p 00000000 00:00 0 
7f3b3c09a000-7f3b3c0a2000 rw-s 00000000 08:05 920718                     /tmp/hsperfdata_oscar/18316
7f3b3c0a2000-7f3b3c0a3000 rw-p 00000000 00:00 0 
7f3b3c0a3000-7f3b3c0a4000 r--p 00000000 00:00 0 
7f3b3c0a4000-7f3b3c0a6000 rw-p 00000000 00:00 0 
7f3b3c0a6000-7f3b3c0a7000 r--p 00022000 08:05 525711                     /lib/x86_64-linux-gnu/ld-2.19.so
7f3b3c0a7000-7f3b3c0a8000 rw-p 00023000 08:05 525711                     /lib/x86_64-linux-gnu/ld-2.19.so
7f3b3c0a8000-7f3b3c0a9000 rw-p 00000000 00:00 0 
7fffb1ab8000-7fffb1ada000 rw-p 00000000 00:00 0                          [stack]
7fffb1bfb000-7fffb1bfd000 r-xp 00000000 00:00 0                          [vdso]
ffffffffff600000-ffffffffff601000 r-xp 00000000 00:00 0                  [vsyscall]

VM Arguments:
jvm_args: -Xmx1024M 
java_command: /home/oscar/development/android-sdk-linux/build-tools/21.1.2/lib/dx.jar --dex --output /home/oscar/Projects/smartcampus.vas.rifiuti.mobile/platforms/android/ant-build/classes.dex /home/oscar/Projects/smartcampus.vas.rifiuti.mobile/platforms/android/ant-build/classes /home/oscar/Projects/smartcampus.vas.rifiuti.mobile/platforms/android/ant-build/dexedLibs/classes-961167b6788e20bfeef88eb1202258f8.jar
Launcher Type: SUN_STANDARD

Environment Variables:
JAVA_HOME=/usr/lib/jvm/java-7-oracle
PATH=/home/oscar/bin:/usr/local/sbin:/usr/local/bin:/usr/sbin:/usr/bin:/sbin:/bin:/usr/games:/usr/local/games:/usr/lib/jvm/java-7-oracle/bin:/usr/lib/jvm/java-7-oracle/db/bin:/usr/lib/jvm/java-7-oracle/jre/bin:/home/oscar/development/android-sdk-linux/platform-tools:/home/oscar/development/android-sdk-linux/tools
SHELL=/bin/bash
DISPLAY=:0

Signal Handlers:
SIGSEGV: [libjvm.so+0x9a3bd0], sa_mask[0]=0x7ffbfeff, sa_flags=0x10000004
SIGBUS: [libjvm.so+0x9a3bd0], sa_mask[0]=0x7ffbfeff, sa_flags=0x10000004
SIGFPE: [libjvm.so+0x81cb60], sa_mask[0]=0x7ffbfeff, sa_flags=0x10000004
SIGPIPE: [libjvm.so+0x81cb60], sa_mask[0]=0x7ffbfeff, sa_flags=0x10000004
SIGXFSZ: [libjvm.so+0x81cb60], sa_mask[0]=0x7ffbfeff, sa_flags=0x10000004
SIGILL: [libjvm.so+0x81cb60], sa_mask[0]=0x7ffbfeff, sa_flags=0x10000004
SIGUSR1: SIG_DFL, sa_mask[0]=0x00000000, sa_flags=0x00000000
SIGUSR2: [libjvm.so+0x81e360], sa_mask[0]=0x00000004, sa_flags=0x10000004
SIGHUP: SIG_DFL, sa_mask[0]=0x00000000, sa_flags=0x00000000
SIGINT: SIG_DFL, sa_mask[0]=0x00000000, sa_flags=0x00000000
SIGTERM: SIG_DFL, sa_mask[0]=0x00000000, sa_flags=0x00000000
SIGQUIT: SIG_DFL, sa_mask[0]=0x00000000, sa_flags=0x00000000


---------------  S Y S T E M  ---------------

OS:jessie/sid

uname:Linux 3.13.0-46-generic #77-Ubuntu SMP Mon Mar 2 18:23:39 UTC 2015 x86_64
libc:glibc 2.19 NPTL 2.19 
rlimit: STACK 8192k, CORE 0k, NPROC 62889, NOFILE 4096, AS infinity
load average:2.90 1.41 1.12

/proc/meminfo:
MemTotal:        8079684 kB
MemFree:          136984 kB
Buffers:             424 kB
Cached:          1206288 kB
SwapCached:            0 kB
Active:          6441740 kB
Inactive:        1155152 kB
Active(anon):    6431584 kB
Inactive(anon):  1143604 kB
Active(file):      10156 kB
Inactive(file):    11548 kB
Unevictable:          48 kB
Mlocked:              48 kB
SwapTotal:             0 kB
SwapFree:              0 kB
Dirty:                20 kB
Writeback:            12 kB
AnonPages:       6392800 kB
Mapped:           450912 kB
Shmem:           1182460 kB
Slab:             114212 kB
SReclaimable:      43068 kB
SUnreclaim:        71144 kB
KernelStack:        8568 kB
PageTables:        90652 kB
NFS_Unstable:          0 kB
Bounce:                0 kB
WritebackTmp:          0 kB
CommitLimit:     4039840 kB
Committed_AS:   17232760 kB
VmallocTotal:   34359738367 kB
VmallocUsed:      374180 kB
VmallocChunk:   34359333976 kB
HardwareCorrupted:     0 kB
AnonHugePages:   1183744 kB
HugePages_Total:       0
HugePages_Free:        0
HugePages_Rsvd:        0
HugePages_Surp:        0
Hugepagesize:       2048 kB
DirectMap4k:       91780 kB
DirectMap2M:     2957312 kB
DirectMap1G:     5242880 kB


CPU:total 8 (4 cores per cpu, 2 threads per core) family 6 model 60 stepping 3, cmov, cx8, fxsr, mmx, sse, sse2, sse3, ssse3, sse4.1, sse4.2, popcnt, avx, avx2, aes, erms, ht, tsc, tscinvbit

/proc/cpuinfo:
processor	: 0
vendor_id	: GenuineIntel
cpu family	: 6
model		: 60
model name	: Intel(R) Core(TM) i7-4810MQ CPU @ 2.80GHz
stepping	: 3
microcode	: 0x1c
cpu MHz		: 2801.000
cache size	: 6144 KB
physical id	: 0
siblings	: 8
core id		: 0
cpu cores	: 4
apicid		: 0
initial apicid	: 0
fpu		: yes
fpu_exception	: yes
cpuid level	: 13
wp		: yes
flags		: fpu vme de pse tsc msr pae mce cx8 apic sep mtrr pge mca cmov pat pse36 clflush dts acpi mmx fxsr sse sse2 ss ht tm pbe syscall nx pdpe1gb rdtscp lm constant_tsc arch_perfmon pebs bts rep_good nopl xtopology nonstop_tsc aperfmperf eagerfpu pni pclmulqdq dtes64 monitor ds_cpl vmx smx est tm2 ssse3 fma cx16 xtpr pdcm pcid sse4_1 sse4_2 x2apic movbe popcnt tsc_deadline_timer aes xsave avx f16c rdrand lahf_lm abm ida arat epb xsaveopt pln pts dtherm tpr_shadow vnmi flexpriority ept vpid fsgsbase tsc_adjust bmi1 avx2 smep bmi2 erms invpcid
bogomips	: 5586.98
clflush size	: 64
cache_alignment	: 64
address sizes	: 39 bits physical, 48 bits virtual
power management:

processor	: 1
vendor_id	: GenuineIntel
cpu family	: 6
model		: 60
model name	: Intel(R) Core(TM) i7-4810MQ CPU @ 2.80GHz
stepping	: 3
microcode	: 0x1c
cpu MHz		: 1100.000
cache size	: 6144 KB
physical id	: 0
siblings	: 8
core id		: 1
cpu cores	: 4
apicid		: 2
initial apicid	: 2
fpu		: yes
fpu_exception	: yes
cpuid level	: 13
wp		: yes
flags		: fpu vme de pse tsc msr pae mce cx8 apic sep mtrr pge mca cmov pat pse36 clflush dts acpi mmx fxsr sse sse2 ss ht tm pbe syscall nx pdpe1gb rdtscp lm constant_tsc arch_perfmon pebs bts rep_good nopl xtopology nonstop_tsc aperfmperf eagerfpu pni pclmulqdq dtes64 monitor ds_cpl vmx smx est tm2 ssse3 fma cx16 xtpr pdcm pcid sse4_1 sse4_2 x2apic movbe popcnt tsc_deadline_timer aes xsave avx f16c rdrand lahf_lm abm ida arat epb xsaveopt pln pts dtherm tpr_shadow vnmi flexpriority ept vpid fsgsbase tsc_adjust bmi1 avx2 smep bmi2 erms invpcid
bogomips	: 5586.98
clflush size	: 64
cache_alignment	: 64
address sizes	: 39 bits physical, 48 bits virtual
power management:

processor	: 2
vendor_id	: GenuineIntel
cpu family	: 6
model		: 60
model name	: Intel(R) Core(TM) i7-4810MQ CPU @ 2.80GHz
stepping	: 3
microcode	: 0x1c
cpu MHz		: 2801.000
cache size	: 6144 KB
physical id	: 0
siblings	: 8
core id		: 2
cpu cores	: 4
apicid		: 4
initial apicid	: 4
fpu		: yes
fpu_exception	: yes
cpuid level	: 13
wp		: yes
flags		: fpu vme de pse tsc msr pae mce cx8 apic sep mtrr pge mca cmov pat pse36 clflush dts acpi mmx fxsr sse sse2 ss ht tm pbe syscall nx pdpe1gb rdtscp lm constant_tsc arch_perfmon pebs bts rep_good nopl xtopology nonstop_tsc aperfmperf eagerfpu pni pclmulqdq dtes64 monitor ds_cpl vmx smx est tm2 ssse3 fma cx16 xtpr pdcm pcid sse4_1 sse4_2 x2apic movbe popcnt tsc_deadline_timer aes xsave avx f16c rdrand lahf_lm abm ida arat epb xsaveopt pln pts dtherm tpr_shadow vnmi flexpriority ept vpid fsgsbase tsc_adjust bmi1 avx2 smep bmi2 erms invpcid
bogomips	: 5586.98
clflush size	: 64
cache_alignment	: 64
address sizes	: 39 bits physical, 48 bits virtual
power management:

processor	: 3
vendor_id	: GenuineIntel
cpu family	: 6
model		: 60
model name	: Intel(R) Core(TM) i7-4810MQ CPU @ 2.80GHz
stepping	: 3
microcode	: 0x1c
cpu MHz		: 1700.000
cache size	: 6144 KB
physical id	: 0
siblings	: 8
core id		: 3
cpu cores	: 4
apicid		: 6
initial apicid	: 6
fpu		: yes
fpu_exception	: yes
cpuid level	: 13
wp		: yes
flags		: fpu vme de pse tsc msr pae mce cx8 apic sep mtrr pge mca cmov pat pse36 clflush dts acpi mmx fxsr sse sse2 ss ht tm pbe syscall nx pdpe1gb rdtscp lm constant_tsc arch_perfmon pebs bts rep_good nopl xtopology nonstop_tsc aperfmperf eagerfpu pni pclmulqdq dtes64 monitor ds_cpl vmx smx est tm2 ssse3 fma cx16 xtpr pdcm pcid sse4_1 sse4_2 x2apic movbe popcnt tsc_deadline_timer aes xsave avx f16c rdrand lahf_lm abm ida arat epb xsaveopt pln pts dtherm tpr_shadow vnmi flexpriority ept vpid fsgsbase tsc_adjust bmi1 avx2 smep bmi2 erms invpcid
bogomips	: 5586.98
clflush size	: 64
cache_alignment	: 64
address sizes	: 39 bits physical, 48 bits virtual
power management:

processor	: 4
vendor_id	: GenuineIntel
cpu family	: 6
model		: 60
model name	: Intel(R) Core(TM) i7-4810MQ CPU @ 2.80GHz
stepping	: 3
microcode	: 0x1c
cpu MHz		: 800.000
cache size	: 6144 KB
physical id	: 0
siblings	: 8
core id		: 0
cpu cores	: 4
apicid		: 1
initial apicid	: 1
fpu		: yes
fpu_exception	: yes
cpuid level	: 13
wp		: yes
flags		: fpu vme de pse tsc msr pae mce cx8 apic sep mtrr pge mca cmov pat pse36 clflush dts acpi mmx fxsr sse sse2 ss ht tm pbe syscall nx pdpe1gb rdtscp lm constant_tsc arch_perfmon pebs bts rep_good nopl xtopology nonstop_tsc aperfmperf eagerfpu pni pclmulqdq dtes64 monitor ds_cpl vmx smx est tm2 ssse3 fma cx16 xtpr pdcm pcid sse4_1 sse4_2 x2apic movbe popcnt tsc_deadline_timer aes xsave avx f16c rdrand lahf_lm abm ida arat epb xsaveopt pln pts dtherm tpr_shadow vnmi flexpriority ept vpid fsgsbase tsc_adjust bmi1 avx2 smep bmi2 erms invpcid
bogomips	: 5586.98
clflush size	: 64
cache_alignment	: 64
address sizes	: 39 bits physical, 48 bits virtual
power management:

processor	: 5
vendor_id	: GenuineIntel
cpu family	: 6
model		: 60
model name	: Intel(R) Core(TM) i7-4810MQ CPU @ 2.80GHz
stepping	: 3
microcode	: 0x1c
cpu MHz		: 800.000
cache size	: 6144 KB
physical id	: 0
siblings	: 8
core id		: 1
cpu cores	: 4
apicid		: 3
initial apicid	: 3
fpu		: yes
fpu_exception	: yes
cpuid level	: 13
wp		: yes
flags		: fpu vme de pse tsc msr pae mce cx8 apic sep mtrr pge mca cmov pat pse36 clflush dts acpi mmx fxsr sse sse2 ss ht tm pbe syscall nx pdpe1gb rdtscp lm constant_tsc arch_perfmon pebs bts rep_good nopl xtopology nonstop_tsc aperfmperf eagerfpu pni pclmulqdq dtes64 monitor ds_cpl vmx smx est tm2 ssse3 fma cx16 xtpr pdcm pcid sse4_1 sse4_2 x2apic movbe popcnt tsc_deadline_timer aes xsave avx f16c rdrand lahf_lm abm ida arat epb xsaveopt pln pts dtherm tpr_shadow vnmi flexpriority ept vpid fsgsbase tsc_adjust bmi1 avx2 smep bmi2 erms invpcid
bogomips	: 5586.98
clflush size	: 64
cache_alignment	: 64
address sizes	: 39 bits physical, 48 bits virtual
power management:

processor	: 6
vendor_id	: GenuineIntel
cpu family	: 6
model		: 60
model name	: Intel(R) Core(TM) i7-4810MQ CPU @ 2.80GHz
stepping	: 3
microcode	: 0x1c
cpu MHz		: 2801.000
cache size	: 6144 KB
physical id	: 0
siblings	: 8
core id		: 2
cpu cores	: 4
apicid		: 5
initial apicid	: 5
fpu		: yes
fpu_exception	: yes
cpuid level	: 13
wp		: yes
flags		: fpu vme de pse tsc msr pae mce cx8 apic sep mtrr pge mca cmov pat pse36 clflush dts acpi mmx fxsr sse sse2 ss ht tm pbe syscall nx pdpe1gb rdtscp lm constant_tsc arch_perfmon pebs bts rep_good nopl xtopology nonstop_tsc aperfmperf eagerfpu pni pclmulqdq dtes64 monitor ds_cpl vmx smx est tm2 ssse3 fma cx16 xtpr pdcm pcid sse4_1 sse4_2 x2apic movbe popcnt tsc_deadline_timer aes xsave avx f16c rdrand lahf_lm abm ida arat epb xsaveopt pln pts dtherm tpr_shadow vnmi flexpriority ept vpid fsgsbase tsc_adjust bmi1 avx2 smep bmi2 erms invpcid
bogomips	: 5586.98
clflush size	: 64
cache_alignment	: 64
address sizes	: 39 bits physical, 48 bits virtual
power management:

processor	: 7
vendor_id	: GenuineIntel
cpu family	: 6
model		: 60
model name	: Intel(R) Core(TM) i7-4810MQ CPU @ 2.80GHz
stepping	: 3
microcode	: 0x1c
cpu MHz		: 1700.000
cache size	: 6144 KB
physical id	: 0
siblings	: 8
core id		: 3
cpu cores	: 4
apicid		: 7
initial apicid	: 7
fpu		: yes
fpu_exception	: yes
cpuid level	: 13
wp		: yes
flags		: fpu vme de pse tsc msr pae mce cx8 apic sep mtrr pge mca cmov pat pse36 clflush dts acpi mmx fxsr sse sse2 ss ht tm pbe syscall nx pdpe1gb rdtscp lm constant_tsc arch_perfmon pebs bts rep_good nopl xtopology nonstop_tsc aperfmperf eagerfpu pni pclmulqdq dtes64 monitor ds_cpl vmx smx est tm2 ssse3 fma cx16 xtpr pdcm pcid sse4_1 sse4_2 x2apic movbe popcnt tsc_deadline_timer aes xsave avx f16c rdrand lahf_lm abm ida arat epb xsaveopt pln pts dtherm tpr_shadow vnmi flexpriority ept vpid fsgsbase tsc_adjust bmi1 avx2 smep bmi2 erms invpcid
bogomips	: 5586.98
clflush size	: 64
cache_alignment	: 64
address sizes	: 39 bits physical, 48 bits virtual
power management:



Memory: 4k page, physical 8079684k(136364k free), swap 0k(0k free)

vm_info: Java HotSpot(TM) 64-Bit Server VM (24.76-b04) for linux-amd64 JRE (1.7.0_76-b13), built on Dec 18 2014 16:58:39 by "java_re" with gcc 4.3.0 20080428 (Red Hat 4.3.0-8)

time: Thu Mar  5 14:54:53 2015
elapsed time: 0 seconds

